3.906666636466979980e-01
5.000000000000000000e-01
5.000000000000000000e-01
5.000000000000000000e-01
5.000000000000000000e-01
4.359999895095825195e-01
4.359999895095825195e-01
4.359999895095825195e-01
4.359999895095825195e-01
5.000000000000000000e-01
5.000000000000000000e-01
5.000000000000000000e-01
4.120000004768371582e-01
5.000000000000000000e-01
4.546666741371154785e-01
3.933333456516265869e-01
3.266666531562805176e-01
5.000000000000000000e-01
4.359999895095825195e-01
4.359999895095825195e-01
3.720000088214874268e-01
4.173333346843719482e-01
4.173333346843719482e-01
3.933333456516265869e-01
4.146666526794433594e-01
5.000000000000000000e-01
3.959999978542327881e-01
3.720000088214874268e-01
4.359999895095825195e-01
3.933333456516265869e-01
5.000000000000000000e-01
5.000000000000000000e-01
5.000000000000000000e-01
5.000000000000000000e-01
5.000000000000000000e-01
5.000000000000000000e-01
5.000000000000000000e-01
4.173333346843719482e-01
5.000000000000000000e-01
5.000000000000000000e-01
5.000000000000000000e-01
5.000000000000000000e-01
5.000000000000000000e-01
3.720000088214874268e-01
4.146666526794433594e-01
3.693333268165588379e-01
5.000000000000000000e-01
5.000000000000000000e-01
5.000000000000000000e-01
5.000000000000000000e-01
