6.932935868899027243e-01
6.933743079503377205e-01
6.933284718195596996e-01
6.935047556559245097e-01
6.932066609064737595e-01
6.933867770830790533e-01
6.933769167264302036e-01
6.932986818949381513e-01
6.932532644271850453e-01
6.932603960037231339e-01
6.932559537887573731e-01
6.933844998677571869e-01
6.932660026550292454e-01
6.933384750684102871e-01
6.932034017244974589e-01
6.932242991129556886e-01
6.932711381912231019e-01
6.933336402575175361e-01
6.933400875727335766e-01
6.933856662114461500e-01
6.934343144098917833e-01
6.932627987861633700e-01
6.932359414100647266e-01
6.933115719159443913e-01
6.932449102401733176e-01
6.933056756655374686e-01
6.933999257087707369e-01
6.933380257288614956e-01
6.932886387507121162e-01
6.932863349914550888e-01
6.932840170860290474e-01
6.932720828056335716e-01
6.932464620272318356e-01
6.934563028017679542e-01
6.933241709073384440e-01
6.932487360636393481e-01
6.932576651573181259e-01
6.932804919878641225e-01
6.931881225903828714e-01
6.932995646794637423e-01
6.932256015141805561e-01
6.932329627672830785e-01
6.933002657890320330e-01
6.933480397860208866e-01
6.933198815981547192e-01
6.932815759976704850e-01
6.931716947555541797e-01
6.932143117586772041e-01
6.932676533063252267e-01
6.932193738619486512e-01
